(0000) 3000  0011000000000000 (  13)                 .ORIG x3000
(3000) 2223  0010001000100011 (  14)                 LD    R1 START
(3001) 2627  0010011000100111 (  15)                 LD    R3 LENGTH
(3002) 0E05  0000111000000101 (  16)                 BRNZP x3008
(3003) 2625  0010011000100101 (  17) NEW_S           LD    R3 LENGTH
(3004) 2220  0010001000100000 (  18)                 LD    R1 START_NEW
(3005) 1243  0001001001000011 (  19)                 ADD   R1 R1 R3
(3006) 1261  0001001001100001 (  20)                 ADD   R1 R1 #1
(3007) 321D  0011001000011101 (  21)                 ST    R1 START_NEW
(3008) E021  1110000000100001 (  22)                 LEA   R0 MES
(3009) F022  1111000000100010 (  23)                 TRAP  x22
(300A) F020  1111000000100000 (  24) LOOP            TRAP  x20
(300B) 241B  0010010000011011 (  25)                 LD    R2 ENTER
(300C) 1402  0001010000000010 (  26)                 ADD   R2 R0 R2
(300D) 0409  0000010000001001 (  27)                 BRZ   PR_STRING
(300E) 2419  0010010000011001 (  28)                 LD    R2 SPACE
(300F) 1402  0001010000000010 (  29)                 ADD   R2 R0 R2
(3010) 05F2  0000010111110010 (  30)                 BRZ   NEW_S
(3011) F021  1111000000100001 (  31)                 TRAP  x21
(3012) 7040  0111000001000000 (  32)                 STR   R0 R1 #0
(3013) 1261  0001001001100001 (  33)                 ADD   R1 R1 #1
(3014) 16FF  0001011011111111 (  34)                 ADD   R3 R3 #-1
(3015) 05ED  0000010111101101 (  35)                 BRZ   NEW_S
(3016) 0FF3  0000111111110011 (  36)                 BRNZP LOOP
(3017) 4835  0100100000110101 (  38) PR_STRING       JSR   SORT
(3018) 200B  0010000000001011 (  39)                 LD    R0 START
(3019) 300B  0011000000001011 (  40)                 ST    R0 START_NEW
(301A) E021  1110000000100001 (  42) gay             LEA   R0 OUTP
(301B) F022  1111000000100010 (  43)                 TRAP  x22
(301C) 2008  0010000000001000 (  44)                 LD    R0 START_NEW
(301D) F022  1111000000100010 (  45)                 TRAP  x22
(301E) 1026  0001000000100110 (  46)                 ADD   R0 R0 #6
(301F) 3005  0011000000000101 (  47)                 ST    R0 START_NEW
(3020) A404  1010010000000100 (  48)                 LDI   R2 START_NEW
(3021) 0401  0000010000000001 (  49)                 BRZ   DONE
(3022) 03F7  0000001111110111 (  50)                 BRP   gay
(3023) F025  1111000000100101 (  51) DONE            TRAP  x25
(3024) 4000  0100000000000000 (  53) START           .FILL x4000
(3025) 4000  0100000000000000 (  54) START_NEW       .FILL x4000
(3026) BFFB  1011111111111011 (  55) END             .FILL xBFFB
(3027) FFF6  1111111111110110 (  56) ENTER           .FILL xFFF6
(3028) FFE0  1111111111100000 (  57) SPACE           .FILL xFFE0
(3029) 0005  0000000000000101 (  58) LENGTH          .FILL x0005
(302A) 000A  0000000000001010 (  59) MES             .FILL x000A
(302B) 0045  0000000001000101 (  59)                 .FILL x0045
(302C) 004E  0000000001001110 (  59)                 .FILL x004E
(302D) 0054  0000000001010100 (  59)                 .FILL x0054
(302E) 0045  0000000001000101 (  59)                 .FILL x0045
(302F) 0052  0000000001010010 (  59)                 .FILL x0052
(3030) 0020  0000000000100000 (  59)                 .FILL x0020
(3031) 0041  0000000001000001 (  59)                 .FILL x0041
(3032) 0020  0000000000100000 (  59)                 .FILL x0020
(3033) 0053  0000000001010011 (  59)                 .FILL x0053
(3034) 0054  0000000001010100 (  59)                 .FILL x0054
(3035) 0052  0000000001010010 (  59)                 .FILL x0052
(3036) 0049  0000000001001001 (  59)                 .FILL x0049
(3037) 004E  0000000001001110 (  59)                 .FILL x004E
(3038) 0047  0000000001000111 (  59)                 .FILL x0047
(3039) 003A  0000000000111010 (  59)                 .FILL x003A
(303A) 0020  0000000000100000 (  59)                 .FILL x0020
(303B) 0000  0000000000000000 (  59)                 .FILL x0000
(303C) 000A  0000000000001010 (  60) OUTP            .FILL x000A
(303D) 004F  0000000001001111 (  60)                 .FILL x004F
(303E) 0055  0000000001010101 (  60)                 .FILL x0055
(303F) 0054  0000000001010100 (  60)                 .FILL x0054
(3040) 0050  0000000001010000 (  60)                 .FILL x0050
(3041) 0055  0000000001010101 (  60)                 .FILL x0055
(3042) 0054  0000000001010100 (  60)                 .FILL x0054
(3043) 0020  0000000000100000 (  60)                 .FILL x0020
(3044) 0053  0000000001010011 (  60)                 .FILL x0053
(3045) 0054  0000000001010100 (  60)                 .FILL x0054
(3046) 0052  0000000001010010 (  60)                 .FILL x0052
(3047) 0049  0000000001001001 (  60)                 .FILL x0049
(3048) 004E  0000000001001110 (  60)                 .FILL x004E
(3049) 0047  0000000001000111 (  60)                 .FILL x0047
(304A) 003A  0000000000111010 (  60)                 .FILL x003A
(304B) 0020  0000000000100000 (  60)                 .FILL x0020
(304C) 0000  0000000000000000 (  60)                 .FILL x0000
(304D) 3E1F  0011111000011111 (  62) SORT            ST    R7 SAVER7
(304E) 21D5  0010000111010101 (  63)                 LD    R0 START
(304F) 5920  0101100100100000 (  64)                 AND   R4 R4 #0
(3050) 5B60  0101101101100000 (  65)                 AND   R5 R5 #0
(3051) 1021  0001000000100001 (  66) BEGIN           ADD   R0 R0 #1
(3052) 27D3  0010011111010011 (  67)                 LD    R3 END
(3053) 1603  0001011000000011 (  68)                 ADD   R3 R0 R3
(3054) 0213  0000001000010011 (  69)                 BRP   DONE_SORT
(3055) 623F  0110001000111111 (  70)                 LDR   R1 R0 #-1
(3056) 6405  0110010000000101 (  71)                 LDR   R2 R0 #5
(3057) 4812  0100100000010010 (  72)                 JSR   COMP
(3058) 1642  0001011001000010 (  73)                 ADD   R3 R1 R2
(3059) 0203  0000001000000011 (  74)                 BRP   SWAP_C
(305A) 05F6  0000010111110110 (  75)                 BRZ   BEGIN
(305B) 1B61  0001101101100001 (  77) INCR_SORT       ADD   R5 R5 #1
(305C) 0FF4  0000111111110100 (  78)                 BRNZP BEGIN
(305D) 1B7F  0001101101111111 (  80) SWAP_C          ADD   R5 R5 #-1
(305E) 0609  0000011000001001 (  81)                 BRZP  DONE_SORT
(305F) 480A  0100100000001010 (  82)                 JSR   COMP
(3060) 7205  0111001000000101 (  83) SWAP            STR   R1 R0 #5
(3061) 743F  0111010000111111 (  84)                 STR   R2 R0 #-1
(3062) 1021  0001000000100001 (  85)                 ADD   R0 R0 #1
(3063) 623F  0110001000111111 (  86)                 LDR   R1 R0 #-1
(3064) 6405  0110010000000101 (  87)                 LDR   R2 R0 #5
(3065) 27C0  0010011111000000 (  88)                 LD    R3 END
(3066) 1603  0001011000000011 (  89)                 ADD   R3 R0 R3
(3067) 0DF8  0000110111111000 (  90)                 BRNZ  SWAP
(3068) 2E04  0010111000000100 (  92) DONE_SORT       LD    R7 SAVER7
(3069) C1C0  1100000111000000 (  93)                 RET   
(306A) 94BF  1001010010111111 (  95) COMP            NOT   R2 R2
(306B) 14A1  0001010010100001 (  96)                 ADD   R2 R2 #1
(306C) C1C0  1100000111000000 (  97)                 RET   
(306D) 0000  0000000000000000 ( 100) SAVER7          .FILL x0000
